0 info it worked if it ends with ok
1 verbose cli [ '/usr/bin/node', '/usr/bin/npm', 'install' ]
2 info using npm@1.4.28
3 info using node@v0.10.38
4 verbose node symlink /usr/bin/node
5 warn package.json nightwatch-screenshot-compare@0.0.0 No description
6 verbose readDependencies using package.json deps
7 verbose install where, deps [ '/home/prabuddha/Nightwatch_workspace/VisualCSS',
7 verbose install   [ 'nightwatch',
7 verbose install     'grunt',
7 verbose install     'grunt-nightwatch',
7 verbose install     'grunt-selenium-webdriver' ] ]
8 info preinstall nightwatch-screenshot-compare@0.0.0
9 verbose readDependencies using package.json deps
10 verbose cache add [ 'nightwatch@~0.4.15', null ]
11 verbose cache add name=undefined spec="nightwatch@~0.4.15" args=["nightwatch@~0.4.15",null]
12 verbose parsed url { protocol: null,
12 verbose parsed url   slashes: null,
12 verbose parsed url   auth: null,
12 verbose parsed url   host: null,
12 verbose parsed url   port: null,
12 verbose parsed url   hostname: null,
12 verbose parsed url   hash: null,
12 verbose parsed url   search: null,
12 verbose parsed url   query: null,
12 verbose parsed url   pathname: 'nightwatch@~0.4.15',
12 verbose parsed url   path: 'nightwatch@~0.4.15',
12 verbose parsed url   href: 'nightwatch@~0.4.15' }
13 verbose cache add [ 'grunt@~0.4.5', null ]
14 verbose cache add name=undefined spec="grunt@~0.4.5" args=["grunt@~0.4.5",null]
15 verbose parsed url { protocol: null,
15 verbose parsed url   slashes: null,
15 verbose parsed url   auth: null,
15 verbose parsed url   host: null,
15 verbose parsed url   port: null,
15 verbose parsed url   hostname: null,
15 verbose parsed url   hash: null,
15 verbose parsed url   search: null,
15 verbose parsed url   query: null,
15 verbose parsed url   pathname: 'grunt@~0.4.5',
15 verbose parsed url   path: 'grunt@~0.4.5',
15 verbose parsed url   href: 'grunt@~0.4.5' }
16 verbose cache add [ 'grunt-nightwatch@^0.3.1', null ]
17 verbose cache add name=undefined spec="grunt-nightwatch@^0.3.1" args=["grunt-nightwatch@^0.3.1",null]
18 verbose parsed url { protocol: null,
18 verbose parsed url   slashes: null,
18 verbose parsed url   auth: null,
18 verbose parsed url   host: null,
18 verbose parsed url   port: null,
18 verbose parsed url   hostname: null,
18 verbose parsed url   hash: null,
18 verbose parsed url   search: null,
18 verbose parsed url   query: null,
18 verbose parsed url   pathname: 'grunt-nightwatch@^0.3.1',
18 verbose parsed url   path: 'grunt-nightwatch@^0.3.1',
18 verbose parsed url   href: 'grunt-nightwatch@^0.3.1' }
19 verbose cache add [ 'grunt-selenium-webdriver@~0.2.422', null ]
20 verbose cache add name=undefined spec="grunt-selenium-webdriver@~0.2.422" args=["grunt-selenium-webdriver@~0.2.422",null]
21 verbose parsed url { protocol: null,
21 verbose parsed url   slashes: null,
21 verbose parsed url   auth: null,
21 verbose parsed url   host: null,
21 verbose parsed url   port: null,
21 verbose parsed url   hostname: null,
21 verbose parsed url   hash: null,
21 verbose parsed url   search: null,
21 verbose parsed url   query: null,
21 verbose parsed url   pathname: 'grunt-selenium-webdriver@~0.2.422',
21 verbose parsed url   path: 'grunt-selenium-webdriver@~0.2.422',
21 verbose parsed url   href: 'grunt-selenium-webdriver@~0.2.422' }
22 verbose cache add name="nightwatch" spec="~0.4.15" args=["nightwatch","~0.4.15"]
23 verbose parsed url { protocol: null,
23 verbose parsed url   slashes: null,
23 verbose parsed url   auth: null,
23 verbose parsed url   host: null,
23 verbose parsed url   port: null,
23 verbose parsed url   hostname: null,
23 verbose parsed url   hash: null,
23 verbose parsed url   search: null,
23 verbose parsed url   query: null,
23 verbose parsed url   pathname: '~0.4.15',
23 verbose parsed url   path: '~0.4.15',
23 verbose parsed url   href: '~0.4.15' }
24 verbose addNamed [ 'nightwatch', '~0.4.15' ]
25 verbose addNamed [ null, '>=0.4.15-0 <0.5.0-0' ]
26 verbose cache add name="grunt" spec="~0.4.5" args=["grunt","~0.4.5"]
27 verbose parsed url { protocol: null,
27 verbose parsed url   slashes: null,
27 verbose parsed url   auth: null,
27 verbose parsed url   host: null,
27 verbose parsed url   port: null,
27 verbose parsed url   hostname: null,
27 verbose parsed url   hash: null,
27 verbose parsed url   search: null,
27 verbose parsed url   query: null,
27 verbose parsed url   pathname: '~0.4.5',
27 verbose parsed url   path: '~0.4.5',
27 verbose parsed url   href: '~0.4.5' }
28 verbose addNamed [ 'grunt', '~0.4.5' ]
29 verbose addNamed [ null, '>=0.4.5-0 <0.5.0-0' ]
30 verbose cache add name="grunt-nightwatch" spec="^0.3.1" args=["grunt-nightwatch","^0.3.1"]
31 verbose parsed url { protocol: null,
31 verbose parsed url   slashes: null,
31 verbose parsed url   auth: null,
31 verbose parsed url   host: null,
31 verbose parsed url   port: null,
31 verbose parsed url   hostname: null,
31 verbose parsed url   hash: null,
31 verbose parsed url   search: null,
31 verbose parsed url   query: null,
31 verbose parsed url   pathname: '^0.3.1',
31 verbose parsed url   path: '^0.3.1',
31 verbose parsed url   href: '^0.3.1' }
32 verbose addNamed [ 'grunt-nightwatch', '^0.3.1' ]
33 verbose addNamed [ null, '>=0.3.1-0 <0.4.0-0' ]
34 verbose cache add name="grunt-selenium-webdriver" spec="~0.2.422" args=["grunt-selenium-webdriver","~0.2.422"]
35 verbose parsed url { protocol: null,
35 verbose parsed url   slashes: null,
35 verbose parsed url   auth: null,
35 verbose parsed url   host: null,
35 verbose parsed url   port: null,
35 verbose parsed url   hostname: null,
35 verbose parsed url   hash: null,
35 verbose parsed url   search: null,
35 verbose parsed url   query: null,
35 verbose parsed url   pathname: '~0.2.422',
35 verbose parsed url   path: '~0.2.422',
35 verbose parsed url   href: '~0.2.422' }
36 verbose addNamed [ 'grunt-selenium-webdriver', '~0.2.422' ]
37 verbose addNamed [ null, '>=0.2.422-0 <0.3.0-0' ]
38 silly lockFile 969f88ec-nightwatch-0-4-15 nightwatch@~0.4.15
39 verbose lock nightwatch@~0.4.15 /home/prabuddha/.npm/969f88ec-nightwatch-0-4-15.lock
40 silly lockFile 240974bb-grunt-0-4-5 grunt@~0.4.5
41 verbose lock grunt@~0.4.5 /home/prabuddha/.npm/240974bb-grunt-0-4-5.lock
42 silly lockFile 431c7a9d-grunt-nightwatch-0-3-1 grunt-nightwatch@^0.3.1
43 verbose lock grunt-nightwatch@^0.3.1 /home/prabuddha/.npm/431c7a9d-grunt-nightwatch-0-3-1.lock
44 silly lockFile 209bab39-grunt-selenium-webdriver-0-2-422 grunt-selenium-webdriver@~0.2.422
45 verbose lock grunt-selenium-webdriver@~0.2.422 /home/prabuddha/.npm/209bab39-grunt-selenium-webdriver-0-2-422.lock
46 silly addNameRange { name: 'nightwatch',
46 silly addNameRange   range: '>=0.4.15-0 <0.5.0-0',
46 silly addNameRange   hasData: false }
47 silly addNameRange { name: 'grunt', range: '>=0.4.5-0 <0.5.0-0', hasData: false }
48 silly addNameRange { name: 'grunt-nightwatch',
48 silly addNameRange   range: '>=0.3.1-0 <0.4.0-0',
48 silly addNameRange   hasData: false }
49 silly addNameRange { name: 'grunt-selenium-webdriver',
49 silly addNameRange   range: '>=0.2.422-0 <0.3.0-0',
49 silly addNameRange   hasData: false }
50 verbose request where is /grunt-nightwatch
51 verbose request registry https://registry.npmjs.org/
52 verbose request id 35e46f2c7eae7471
53 verbose url raw /grunt-nightwatch
54 verbose url resolving [ 'https://registry.npmjs.org/', './grunt-nightwatch' ]
55 verbose url resolved https://registry.npmjs.org/grunt-nightwatch
56 verbose request where is https://registry.npmjs.org/grunt-nightwatch
57 info trying registry request attempt 1 at 15:32:42
58 http GET https://registry.npmjs.org/grunt-nightwatch
59 verbose request where is /grunt-selenium-webdriver
60 verbose request registry https://registry.npmjs.org/
61 verbose url raw /grunt-selenium-webdriver
62 verbose url resolving [ 'https://registry.npmjs.org/', './grunt-selenium-webdriver' ]
63 verbose url resolved https://registry.npmjs.org/grunt-selenium-webdriver
64 verbose request where is https://registry.npmjs.org/grunt-selenium-webdriver
65 info trying registry request attempt 1 at 15:32:42
66 http GET https://registry.npmjs.org/grunt-selenium-webdriver
67 verbose request where is /nightwatch
68 verbose request registry https://registry.npmjs.org/
69 verbose url raw /nightwatch
70 verbose url resolving [ 'https://registry.npmjs.org/', './nightwatch' ]
71 verbose url resolved https://registry.npmjs.org/nightwatch
72 verbose request where is https://registry.npmjs.org/nightwatch
73 info trying registry request attempt 1 at 15:32:42
74 verbose etag "E741SC772FPI2BCKMS0AG3XFQ"
75 http GET https://registry.npmjs.org/nightwatch
76 verbose request where is /grunt
77 verbose request registry https://registry.npmjs.org/
78 verbose url raw /grunt
79 verbose url resolving [ 'https://registry.npmjs.org/', './grunt' ]
80 verbose url resolved https://registry.npmjs.org/grunt
81 verbose request where is https://registry.npmjs.org/grunt
82 info trying registry request attempt 1 at 15:32:42
83 verbose etag "BRTQUEFFRVDTET76EM5ELXRFA"
84 http GET https://registry.npmjs.org/grunt
85 http 200 https://registry.npmjs.org/grunt-nightwatch
86 silly registry.get cb [ 200,
86 silly registry.get   { server: 'CouchDB/1.5.0 (Erlang OTP/R16B03)',
86 silly registry.get     etag: '"4FVP6Z18V40L0WSCIRZALFUTW"',
86 silly registry.get     'content-type': 'application/json',
86 silly registry.get     'cache-control': 'max-age=60',
86 silly registry.get     'content-length': '21336',
86 silly registry.get     'accept-ranges': 'bytes',
86 silly registry.get     date: 'Sun, 03 May 2015 10:02:43 GMT',
86 silly registry.get     via: '1.1 varnish',
86 silly registry.get     age: '54',
86 silly registry.get     connection: 'keep-alive',
86 silly registry.get     'x-served-by': 'cache-sn88-SIN',
86 silly registry.get     'x-cache': 'HIT',
86 silly registry.get     'x-cache-hits': '1',
86 silly registry.get     'x-timer': 'S1430647363.275007,VS0,VE0',
86 silly registry.get     vary: 'Accept' } ]
87 silly addNameRange number 2 { name: 'grunt-nightwatch',
87 silly addNameRange   range: '>=0.3.1-0 <0.4.0-0',
87 silly addNameRange   hasData: true }
88 silly addNameRange versions [ 'grunt-nightwatch',
88 silly addNameRange   [ '0.1.2',
88 silly addNameRange     '0.1.3',
88 silly addNameRange     '0.1.6',
88 silly addNameRange     '0.1.7',
88 silly addNameRange     '0.1.8',
88 silly addNameRange     '0.2.1',
88 silly addNameRange     '0.2.4',
88 silly addNameRange     '0.3.0',
88 silly addNameRange     '0.3.1',
88 silly addNameRange     '0.4.0',
88 silly addNameRange     '0.4.1',
88 silly addNameRange     '0.4.2',
88 silly addNameRange     '0.4.4',
88 silly addNameRange     '0.4.5',
88 silly addNameRange     '0.4.6' ] ]
89 verbose addNamed [ 'grunt-nightwatch', '0.3.1' ]
90 verbose addNamed [ '0.3.1', '0.3.1' ]
91 silly lockFile 7234ab76-grunt-nightwatch-0-3-1 grunt-nightwatch@0.3.1
92 verbose lock grunt-nightwatch@0.3.1 /home/prabuddha/.npm/7234ab76-grunt-nightwatch-0-3-1.lock
93 silly lockFile cabc6ce8-watch-grunt-nightwatch-0-3-1-tgz https://registry.npmjs.org/grunt-nightwatch/-/grunt-nightwatch-0.3.1.tgz
94 verbose lock https://registry.npmjs.org/grunt-nightwatch/-/grunt-nightwatch-0.3.1.tgz /home/prabuddha/.npm/cabc6ce8-watch-grunt-nightwatch-0-3-1-tgz.lock
95 verbose addRemoteTarball [ 'https://registry.npmjs.org/grunt-nightwatch/-/grunt-nightwatch-0.3.1.tgz',
95 verbose addRemoteTarball   'a3304078a9153006c6406c9e7978604361e4d7c6' ]
96 info retry fetch attempt 1 at 15:32:43
97 verbose fetch to= /tmp/npm-3850-poXaaJVD/registry.npmjs.org/grunt-nightwatch/-/grunt-nightwatch-0.3.1.tgz
98 http GET https://registry.npmjs.org/grunt-nightwatch/-/grunt-nightwatch-0.3.1.tgz
99 http 200 https://registry.npmjs.org/grunt
100 silly registry.get cb [ 200,
100 silly registry.get   { server: 'CouchDB/1.5.0 (Erlang OTP/R16B03)',
100 silly registry.get     etag: '"7KYV5L5T55R4UI5948AACJSLI"',
100 silly registry.get     'content-type': 'application/json',
100 silly registry.get     'cache-control': 'max-age=60',
100 silly registry.get     'content-length': '89139',
100 silly registry.get     'accept-ranges': 'bytes',
100 silly registry.get     date: 'Sun, 03 May 2015 10:02:43 GMT',
100 silly registry.get     via: '1.1 varnish',
100 silly registry.get     age: '0',
100 silly registry.get     connection: 'keep-alive',
100 silly registry.get     'x-served-by': 'cache-sn86-SIN',
100 silly registry.get     'x-cache': 'HIT',
100 silly registry.get     'x-cache-hits': '1',
100 silly registry.get     'x-timer': 'S1430647363.348431,VS0,VE244',
100 silly registry.get     vary: 'Accept' } ]
101 silly addNameRange number 2 { name: 'grunt', range: '>=0.4.5-0 <0.5.0-0', hasData: true }
102 silly addNameRange versions [ 'grunt',
102 silly addNameRange   [ '0.1.0',
102 silly addNameRange     '0.1.1',
102 silly addNameRange     '0.1.2',
102 silly addNameRange     '0.2.0',
102 silly addNameRange     '0.2.1',
102 silly addNameRange     '0.2.2',
102 silly addNameRange     '0.2.3',
102 silly addNameRange     '0.2.4',
102 silly addNameRange     '0.2.5',
102 silly addNameRange     '0.2.6',
102 silly addNameRange     '0.2.7',
102 silly addNameRange     '0.2.8',
102 silly addNameRange     '0.2.9',
102 silly addNameRange     '0.2.10',
102 silly addNameRange     '0.2.11',
102 silly addNameRange     '0.2.12',
102 silly addNameRange     '0.2.13',
102 silly addNameRange     '0.2.14',
102 silly addNameRange     '0.2.15',
102 silly addNameRange     '0.3.0',
102 silly addNameRange     '0.3.1',
102 silly addNameRange     '0.3.2',
102 silly addNameRange     '0.3.3',
102 silly addNameRange     '0.3.4',
102 silly addNameRange     '0.3.5',
102 silly addNameRange     '0.3.6',
102 silly addNameRange     '0.3.7',
102 silly addNameRange     '0.3.8',
102 silly addNameRange     '0.3.9',
102 silly addNameRange     '0.3.10',
102 silly addNameRange     '0.3.11',
102 silly addNameRange     '0.3.12',
102 silly addNameRange     '0.3.13',
102 silly addNameRange     '0.3.14',
102 silly addNameRange     '0.3.15',
102 silly addNameRange     '0.3.16',
102 silly addNameRange     '0.3.17',
102 silly addNameRange     '0.4.0',
102 silly addNameRange     '0.4.1',
102 silly addNameRange     '0.4.2',
102 silly addNameRange     '0.4.3',
102 silly addNameRange     '0.4.4',
102 silly addNameRange     '0.4.5',
102 silly addNameRange     '0.3.13-a',
102 silly addNameRange     '0.4.0-a',
102 silly addNameRange     '0.4.0-rc1',
102 silly addNameRange     '0.4.0-rc2',
102 silly addNameRange     '0.4.0-rc3',
102 silly addNameRange     '0.4.0-rc4',
102 silly addNameRange     '0.4.0-rc5',
102 silly addNameRange     '0.4.0-rc6',
102 silly addNameRange     '0.4.0-rc7',
102 silly addNameRange     '0.4.0-rc8' ] ]
103 verbose addNamed [ 'grunt', '0.4.5' ]
104 verbose addNamed [ '0.4.5', '0.4.5' ]
105 silly lockFile 81abf7ad-grunt-0-4-5 grunt@0.4.5
106 verbose lock grunt@0.4.5 /home/prabuddha/.npm/81abf7ad-grunt-0-4-5.lock
107 silly lockFile 81abf7ad-grunt-0-4-5 grunt@0.4.5
108 silly lockFile 81abf7ad-grunt-0-4-5 grunt@0.4.5
109 silly lockFile 240974bb-grunt-0-4-5 grunt@~0.4.5
110 silly lockFile 240974bb-grunt-0-4-5 grunt@~0.4.5
111 http 200 https://registry.npmjs.org/grunt-selenium-webdriver
112 silly registry.get cb [ 200,
112 silly registry.get   { server: 'CouchDB/1.5.0 (Erlang OTP/R16B03)',
112 silly registry.get     etag: '"DHKLWMHPO3DPYUY4AM70PNFVI"',
112 silly registry.get     'content-type': 'application/json',
112 silly registry.get     'cache-control': 'max-age=60',
112 silly registry.get     'content-length': '25813',
112 silly registry.get     'accept-ranges': 'bytes',
112 silly registry.get     date: 'Sun, 03 May 2015 10:02:44 GMT',
112 silly registry.get     via: '1.1 varnish',
112 silly registry.get     age: '0',
112 silly registry.get     connection: 'keep-alive',
112 silly registry.get     'x-served-by': 'cache-sn86-SIN',
112 silly registry.get     'x-cache': 'MISS',
112 silly registry.get     'x-cache-hits': '0',
112 silly registry.get     'x-timer': 'S1430647363.319929,VS0,VE1257',
112 silly registry.get     vary: 'Accept' } ]
113 silly addNameRange number 2 { name: 'grunt-selenium-webdriver',
113 silly addNameRange   range: '>=0.2.422-0 <0.3.0-0',
113 silly addNameRange   hasData: true }
114 silly addNameRange versions [ 'grunt-selenium-webdriver',
114 silly addNameRange   [ '0.2.39',
114 silly addNameRange     '0.2.40',
114 silly addNameRange     '0.2.41',
114 silly addNameRange     '0.2.390',
114 silly addNameRange     '0.2.391',
114 silly addNameRange     '0.2.392',
114 silly addNameRange     '0.2.42',
114 silly addNameRange     '0.2.420',
114 silly addNameRange     '0.2.421',
114 silly addNameRange     '0.2.422',
114 silly addNameRange     '0.2.431',
114 silly addNameRange     '0.2.432',
114 silly addNameRange     '0.2.450' ] ]
115 verbose addNamed [ 'grunt-selenium-webdriver', '0.2.450' ]
116 verbose addNamed [ '0.2.450', '0.2.450' ]
117 silly lockFile 3bef2b8e-grunt-selenium-webdriver-0-2-450 grunt-selenium-webdriver@0.2.450
118 verbose lock grunt-selenium-webdriver@0.2.450 /home/prabuddha/.npm/3bef2b8e-grunt-selenium-webdriver-0-2-450.lock
119 silly lockFile bcaac6e4-t-selenium-webdriver-0-2-450-tgz https://registry.npmjs.org/grunt-selenium-webdriver/-/grunt-selenium-webdriver-0.2.450.tgz
120 verbose lock https://registry.npmjs.org/grunt-selenium-webdriver/-/grunt-selenium-webdriver-0.2.450.tgz /home/prabuddha/.npm/bcaac6e4-t-selenium-webdriver-0-2-450-tgz.lock
121 verbose addRemoteTarball [ 'https://registry.npmjs.org/grunt-selenium-webdriver/-/grunt-selenium-webdriver-0.2.450.tgz',
121 verbose addRemoteTarball   '9a7cedf31b233c081e1e14f11cc52bc9fd9afaeb' ]
122 info retry fetch attempt 1 at 15:32:44
123 verbose fetch to= /tmp/npm-3850-poXaaJVD/registry.npmjs.org/grunt-selenium-webdriver/-/grunt-selenium-webdriver-0.2.450.tgz
124 http GET https://registry.npmjs.org/grunt-selenium-webdriver/-/grunt-selenium-webdriver-0.2.450.tgz
125 http 200 https://registry.npmjs.org/grunt-nightwatch/-/grunt-nightwatch-0.3.1.tgz
126 silly lockFile cabc6ce8-watch-grunt-nightwatch-0-3-1-tgz https://registry.npmjs.org/grunt-nightwatch/-/grunt-nightwatch-0.3.1.tgz
127 silly lockFile cabc6ce8-watch-grunt-nightwatch-0-3-1-tgz https://registry.npmjs.org/grunt-nightwatch/-/grunt-nightwatch-0.3.1.tgz
128 silly lockFile 7234ab76-grunt-nightwatch-0-3-1 grunt-nightwatch@0.3.1
129 silly lockFile 7234ab76-grunt-nightwatch-0-3-1 grunt-nightwatch@0.3.1
130 silly lockFile 431c7a9d-grunt-nightwatch-0-3-1 grunt-nightwatch@^0.3.1
131 silly lockFile 431c7a9d-grunt-nightwatch-0-3-1 grunt-nightwatch@^0.3.1
132 http 304 https://registry.npmjs.org/nightwatch
133 silly registry.get cb [ 304,
133 silly registry.get   { date: 'Sun, 03 May 2015 10:02:43 GMT',
133 silly registry.get     via: '1.1 varnish',
133 silly registry.get     'cache-control': 'max-age=60',
133 silly registry.get     etag: '"E741SC772FPI2BCKMS0AG3XFQ"',
133 silly registry.get     age: '1',
133 silly registry.get     connection: 'keep-alive',
133 silly registry.get     'x-served-by': 'cache-sn87-SIN',
133 silly registry.get     'x-cache': 'MISS',
133 silly registry.get     'x-cache-hits': '0',
133 silly registry.get     'x-timer': 'S1430647363.285725,VS0,VE1839',
133 silly registry.get     vary: 'Accept' } ]
134 verbose etag https://registry.npmjs.org/nightwatch from cache
135 silly addNameRange number 2 { name: 'nightwatch',
135 silly addNameRange   range: '>=0.4.15-0 <0.5.0-0',
135 silly addNameRange   hasData: true }
136 silly addNameRange versions [ 'nightwatch',
136 silly addNameRange   [ '0.1.0',
136 silly addNameRange     '0.1.1',
136 silly addNameRange     '0.1.2',
136 silly addNameRange     '0.1.3',
136 silly addNameRange     '0.1.4',
136 silly addNameRange     '0.1.5',
136 silly addNameRange     '0.1.6',
136 silly addNameRange     '0.1.7',
136 silly addNameRange     '0.2.2',
136 silly addNameRange     '0.2.3',
136 silly addNameRange     '0.2.4',
136 silly addNameRange     '0.2.5',
136 silly addNameRange     '0.2.6',
136 silly addNameRange     '0.2.7',
136 silly addNameRange     '0.2.8',
136 silly addNameRange     '0.3.0',
136 silly addNameRange     '0.3.1',
136 silly addNameRange     '0.3.2',
136 silly addNameRange     '0.3.3',
136 silly addNameRange     '0.3.4',
136 silly addNameRange     '0.3.5',
136 silly addNameRange     '0.3.6',
136 silly addNameRange     '0.3.7',
136 silly addNameRange     '0.4.1',
136 silly addNameRange     '0.4.2',
136 silly addNameRange     '0.4.4',
136 silly addNameRange     '0.4.5',
136 silly addNameRange     '0.4.6',
136 silly addNameRange     '0.4.7',
136 silly addNameRange     '0.4.8',
136 silly addNameRange     '0.4.9',
136 silly addNameRange     '0.4.10',
136 silly addNameRange     '0.4.11',
136 silly addNameRange     '0.4.12',
136 silly addNameRange     '0.4.13',
136 silly addNameRange     '0.4.14',
136 silly addNameRange     '0.4.15',
136 silly addNameRange     '0.4.16',
136 silly addNameRange     '0.4.17',
136 silly addNameRange     '0.5.1',
136 silly addNameRange     '0.5.2',
136 silly addNameRange     '0.5.3',
136 silly addNameRange     '0.5.4',
136 silly addNameRange     '0.5.5',
136 silly addNameRange     '0.5.6',
136 silly addNameRange     '0.5.7',
136 silly addNameRange     '0.5.8',
136 silly addNameRange     '0.5.9',
136 silly addNameRange     '0.5.10',
136 silly addNameRange     '0.5.11',
136 silly addNameRange     '0.5.12',
136 silly addNameRange     '0.5.13',
136 silly addNameRange     '0.5.14',
136 silly addNameRange     '0.5.15',
136 silly addNameRange     '0.5.16',
136 silly addNameRange     '0.5.17',
136 silly addNameRange     '0.5.18',
136 silly addNameRange     '0.5.19',
136 silly addNameRange     '0.5.20',
136 silly addNameRange     '0.5.21',
136 silly addNameRange     '0.5.22',
136 silly addNameRange     '0.5.23',
136 silly addNameRange     '0.5.24',
136 silly addNameRange     '0.5.25',
136 silly addNameRange     '0.5.26',
136 silly addNameRange     '0.5.27',
136 silly addNameRange     '0.5.28',
136 silly addNameRange     '0.5.29',
136 silly addNameRange     '0.5.30',
136 silly addNameRange     '0.5.31',
136 silly addNameRange     '0.5.32',
136 silly addNameRange     '0.5.33',
136 silly addNameRange     '0.5.34',
136 silly addNameRange     '0.5.35',
136 silly addNameRange     '0.5.36',
136 silly addNameRange     '0.6.0',
136 silly addNameRange     '0.6.1',
136 silly addNameRange     '0.6.3',
136 silly addNameRange     '0.6.4',
136 silly addNameRange     '0.6.5',
136 silly addNameRange     '0.6.6',
136 silly addNameRange     '0.6.7' ] ]
137 verbose addNamed [ 'nightwatch', '0.4.17' ]
138 verbose addNamed [ '0.4.17', '0.4.17' ]
139 silly lockFile 33d97886-nightwatch-0-4-17 nightwatch@0.4.17
140 verbose lock nightwatch@0.4.17 /home/prabuddha/.npm/33d97886-nightwatch-0-4-17.lock
141 silly lockFile 9c50d387-nightwatch-nightwatch-0-4-17-tgz https://registry.npmjs.org/nightwatch/-/nightwatch-0.4.17.tgz
142 verbose lock https://registry.npmjs.org/nightwatch/-/nightwatch-0.4.17.tgz /home/prabuddha/.npm/9c50d387-nightwatch-nightwatch-0-4-17-tgz.lock
143 verbose addRemoteTarball [ 'https://registry.npmjs.org/nightwatch/-/nightwatch-0.4.17.tgz',
143 verbose addRemoteTarball   '3f1f0e984609889664487681025df689048a7a1f' ]
144 info retry fetch attempt 1 at 15:32:45
145 verbose fetch to= /tmp/npm-3850-poXaaJVD/registry.npmjs.org/nightwatch/-/nightwatch-0.4.17.tgz
146 http GET https://registry.npmjs.org/nightwatch/-/nightwatch-0.4.17.tgz
147 http 200 https://registry.npmjs.org/nightwatch/-/nightwatch-0.4.17.tgz
148 silly lockFile 9c50d387-nightwatch-nightwatch-0-4-17-tgz https://registry.npmjs.org/nightwatch/-/nightwatch-0.4.17.tgz
149 silly lockFile 9c50d387-nightwatch-nightwatch-0-4-17-tgz https://registry.npmjs.org/nightwatch/-/nightwatch-0.4.17.tgz
150 silly lockFile 33d97886-nightwatch-0-4-17 nightwatch@0.4.17
151 silly lockFile 33d97886-nightwatch-0-4-17 nightwatch@0.4.17
152 silly lockFile 969f88ec-nightwatch-0-4-15 nightwatch@~0.4.15
153 silly lockFile 969f88ec-nightwatch-0-4-15 nightwatch@~0.4.15
154 http 200 https://registry.npmjs.org/grunt-selenium-webdriver/-/grunt-selenium-webdriver-0.2.450.tgz
155 silly lockFile bcaac6e4-t-selenium-webdriver-0-2-450-tgz https://registry.npmjs.org/grunt-selenium-webdriver/-/grunt-selenium-webdriver-0.2.450.tgz
156 silly lockFile bcaac6e4-t-selenium-webdriver-0-2-450-tgz https://registry.npmjs.org/grunt-selenium-webdriver/-/grunt-selenium-webdriver-0.2.450.tgz
157 silly lockFile 3bef2b8e-grunt-selenium-webdriver-0-2-450 grunt-selenium-webdriver@0.2.450
158 silly lockFile 3bef2b8e-grunt-selenium-webdriver-0-2-450 grunt-selenium-webdriver@0.2.450
159 silly lockFile 209bab39-grunt-selenium-webdriver-0-2-422 grunt-selenium-webdriver@~0.2.422
160 silly lockFile 209bab39-grunt-selenium-webdriver-0-2-422 grunt-selenium-webdriver@~0.2.422
161 error Error: EACCES, mkdir '/home/prabuddha/.npm/nightwatch/0.4.17'
161 error  { [Error: EACCES, mkdir '/home/prabuddha/.npm/nightwatch/0.4.17']
161 error   errno: 3,
161 error   code: 'EACCES',
161 error   path: '/home/prabuddha/.npm/nightwatch/0.4.17',
161 error   parent: 'nightwatch-screenshot-compare' }
162 error Please try running this command again as root/Administrator.
163 error System Linux 3.19.0-15-generic
164 error command "/usr/bin/node" "/usr/bin/npm" "install"
165 error cwd /home/prabuddha/Nightwatch_workspace/VisualCSS
166 error node -v v0.10.38
167 error npm -v 1.4.28
168 error path /home/prabuddha/.npm/nightwatch/0.4.17
169 error code EACCES
170 error errno 3
171 error stack Error: EACCES, mkdir '/home/prabuddha/.npm/nightwatch/0.4.17'
172 verbose exit [ 3, true ]
